[debug] [2025-07-08T00:29:00.152Z] ----------------------------------------------------------------------
[debug] [2025-07-08T00:29:00.155Z] Command:       /nix/store/rbdrkcs5kkwpalxcd7c6bnm33lk2955n-nodejs-20.19.0/bin/node /nix/store/fprgfkwna33crhc86jqbf5878piivvgw-firebase-tools-14.7.0/lib/node_modules/firebase-tools/lib/bin/firebase.js init hosting
[debug] [2025-07-08T00:29:00.155Z] CLI Version:   14.7.0
[debug] [2025-07-08T00:29:00.155Z] Platform:      linux
[debug] [2025-07-08T00:29:00.156Z] Node Version:  v20.19.0
[debug] [2025-07-08T00:29:00.156Z] Time:          Tue Jul 08 2025 00:29:00 GMT+0000 (Coordinated Universal Time)
[debug] [2025-07-08T00:29:00.156Z] ----------------------------------------------------------------------
[debug] 
[debug] [2025-07-08T00:29:00.163Z] > command requires scopes: ["email","openid","https://www.googleapis.com/auth/cloudplatformprojects.readonly","https://www.googleapis.com/auth/firebase","https://www.googleapis.com/auth/cloud-platform"]
[debug] [2025-07-08T00:29:00.164Z] > authorizing via signed-in user (elmercadomendoza.arg@gmail.com)
[info] 
     ######## #### ########  ######## ########     ###     ######  ########
     ##        ##  ##     ## ##       ##     ##  ##   ##  ##       ##
     ######    ##  ########  ######   ########  #########  ######  ######
     ##        ##  ##    ##  ##       ##     ## ##     ##       ## ##
     ##       #### ##     ## ######## ########  ##     ##  ######  ########

You're about to initialize a Firebase project in this directory:

  /home/user/myapp

[info] 
=== Project Setup
[info] 
[info] First, let's associate this project directory with a Firebase project.
[info] You can create multiple project aliases by running firebase use --add, 
[info] but for now we'll just set up a default project.
[info] 
[info] i  If you want to create a project in a Google Cloud organization or folder, please use "firebase projects:create" instead, and return to this command when you've created the project. 
[debug] [2025-07-08T00:29:20.952Z] Checked if tokens are valid: true, expires at: 1751938034921
[debug] [2025-07-08T00:29:20.952Z] Checked if tokens are valid: true, expires at: 1751938034921
[debug] [2025-07-08T00:29:20.955Z] >>> [apiv2][query] POST https://cloudresourcemanager.googleapis.com/v1/projects [none]
[debug] [2025-07-08T00:29:20.956Z] >>> [apiv2][body] POST https://cloudresourcemanager.googleapis.com/v1/projects {"projectId":"ViariApp","name":"ViariApp"}
[debug] [2025-07-08T00:29:21.237Z] <<< [apiv2][status] POST https://cloudresourcemanager.googleapis.com/v1/projects 400
[debug] [2025-07-08T00:29:21.238Z] <<< [apiv2][body] POST https://cloudresourcemanager.googleapis.com/v1/projects {"error":{"code":400,"message":"field [project_id] has issue [project_id contains invalid characters]","status":"INVALID_ARGUMENT","details":[{"@type":"type.googleapis.com/google.rpc.BadRequest","fieldViolations":[{"field":"project_id","description":"project_id contains invalid characters"}]},{"@type":"type.googleapis.com/google.rpc.Help","links":[{"url":"https://cloud.google.com/resource-manager/reference/rest/v1/projects"}]}]}}
[debug] [2025-07-08T00:29:21.265Z] FirebaseError: Request to https://cloudresourcemanager.googleapis.com/v1/projects had HTTP Error: 400, field [project_id] has issue [project_id contains invalid characters]
    at responseToError (/nix/store/fprgfkwna33crhc86jqbf5878piivvgw-firebase-tools-14.7.0/lib/node_modules/firebase-tools/lib/responseToError.js:52:12)
    at RetryOperation._fn (/nix/store/fprgfkwna33crhc86jqbf5878piivvgw-firebase-tools-14.7.0/lib/node_modules/firebase-tools/lib/apiv2.js:312:77)
    at process.processTicksAndRejections (node:internal/process/task_queues:95:5)
[error] 
[error] Error: Failed to create project. See firebase-debug.log for more info.
